#! /usr/bin/vvp
:ivl_version "10.1 (stable)";
:ivl_delay_selection "TYPICAL";
:vpi_time_precision + 0;
:vpi_module "system";
:vpi_module "vhdl_sys";
:vpi_module "v2005_math";
:vpi_module "va_math";
S_0x56508c86b760 .scope module, "tb" "tb" 2 1;
 .timescale 0 0;
v0x56508c88be60_0 .var "a", 0 0;
v0x56508c88bf20_0 .var "b", 0 0;
v0x56508c88bfc0_0 .var "clk", 0 0;
v0x56508c88c090_0 .net "q2", 0 0, v0x56508c88bc40_0;  1 drivers
v0x56508c88c160_0 .var "rst_n", 0 0;
E_0x56508c861dc0 .event negedge, v0x56508c86a950_0;
E_0x56508c861b60 .event posedge, v0x56508c86a950_0;
S_0x56508c86b8e0 .scope module, "u1" "sblk1" 2 12, 3 1 0, S_0x56508c86b760;
 .timescale 0 0;
    .port_info 0 /OUTPUT 1 "q2"
    .port_info 1 /INPUT 1 "a"
    .port_info 2 /INPUT 1 "b"
    .port_info 3 /INPUT 1 "clk"
    .port_info 4 /INPUT 1 "rst_n"
v0x56508c86a1f0_0 .net "a", 0 0, v0x56508c88be60_0;  1 drivers
v0x56508c86a690_0 .net "b", 0 0, v0x56508c88bf20_0;  1 drivers
v0x56508c86a950_0 .net "clk", 0 0, v0x56508c88bfc0_0;  1 drivers
v0x56508c88b9b0_0 .var "d1", 0 0;
v0x56508c88ba70_0 .var "d2", 0 0;
v0x56508c88bb80_0 .var "q1", 0 0;
v0x56508c88bc40_0 .var "q2", 0 0;
v0x56508c88bd00_0 .net "rst_n", 0 0, v0x56508c88c160_0;  1 drivers
E_0x56508c82c900/0 .event negedge, v0x56508c88bd00_0;
E_0x56508c82c900/1 .event posedge, v0x56508c86a950_0;
E_0x56508c82c900 .event/or E_0x56508c82c900/0, E_0x56508c82c900/1;
E_0x56508c8619f0 .event edge, v0x56508c88bb80_0, v0x56508c86a690_0, v0x56508c86a1f0_0;
    .scope S_0x56508c86b8e0;
T_0 ;
    %wait E_0x56508c8619f0;
    %load/vec4 v0x56508c86a1f0_0;
    %load/vec4 v0x56508c86a690_0;
    %and;
    %store/vec4 v0x56508c88b9b0_0, 0, 1;
    %load/vec4 v0x56508c88b9b0_0;
    %load/vec4 v0x56508c88bb80_0;
    %or;
    %store/vec4 v0x56508c88ba70_0, 0, 1;
    %jmp T_0;
    .thread T_0, $push;
    .scope S_0x56508c86b8e0;
T_1 ;
    %wait E_0x56508c82c900;
    %load/vec4 v0x56508c88bd00_0;
    %nor/r;
    %flag_set/vec4 8;
    %jmp/0xz  T_1.0, 8;
    %pushi/vec4 0, 0, 1;
    %assign/vec4 v0x56508c88bc40_0, 0;
    %pushi/vec4 0, 0, 1;
    %assign/vec4 v0x56508c88bb80_0, 0;
    %jmp T_1.1;
T_1.0 ;
    %load/vec4 v0x56508c88ba70_0;
    %assign/vec4 v0x56508c88bc40_0, 0;
    %load/vec4 v0x56508c88b9b0_0;
    %assign/vec4 v0x56508c88bb80_0, 0;
T_1.1 ;
    %jmp T_1;
    .thread T_1;
    .scope S_0x56508c86b760;
T_2 ;
    %pushi/vec4 0, 0, 1;
    %store/vec4 v0x56508c88bfc0_0, 0, 1;
T_2.0 ;
    %delay 10, 0;
    %load/vec4 v0x56508c88bfc0_0;
    %inv;
    %store/vec4 v0x56508c88bfc0_0, 0, 1;
    %jmp T_2.0;
    %end;
    .thread T_2;
    .scope S_0x56508c86b760;
T_3 ;
    %vpi_call 2 8 "$dumpfile", "ex1.vcd" {0 0 0};
    %vpi_call 2 9 "$dumpvars" {0 0 0};
    %end;
    .thread T_3;
    .scope S_0x56508c86b760;
T_4 ;
    %pushi/vec4 0, 0, 1;
    %store/vec4 v0x56508c88be60_0, 0, 1;
    %pushi/vec4 0, 0, 1;
    %store/vec4 v0x56508c88bf20_0, 0, 1;
    %pushi/vec4 0, 0, 1;
    %assign/vec4 v0x56508c88c160_0, 0;
    %wait E_0x56508c861b60;
    %wait E_0x56508c861dc0;
    %pushi/vec4 1, 0, 1;
    %store/vec4 v0x56508c88c160_0, 0, 1;
    %pushi/vec4 1, 0, 1;
    %store/vec4 v0x56508c88be60_0, 0, 1;
    %pushi/vec4 1, 0, 1;
    %store/vec4 v0x56508c88bf20_0, 0, 1;
    %wait E_0x56508c861dc0;
    %pushi/vec4 0, 0, 1;
    %store/vec4 v0x56508c88be60_0, 0, 1;
    %wait E_0x56508c861dc0;
    %pushi/vec4 0, 0, 1;
    %store/vec4 v0x56508c88bf20_0, 0, 1;
    %wait E_0x56508c861dc0;
    %vpi_call 2 23 "$finish" {0 0 0};
    %end;
    .thread T_4;
    .scope S_0x56508c86b760;
T_5 ;
    %vpi_call 2 25 "$monitor", "%0d", v0x56508c88be60_0 {0 0 0};
    %end;
    .thread T_5;
# The file index is used to find the file name in the following table.
:file_names 4;
    "N/A";
    "<interactive>";
    "ex1_tb.v";
    "ex1.v";
